<?xml version="1.0" encoding="UTF-8"?>
<!-- Generated by org.testng.reporters.JUnitReportReporter -->
<testsuite skipped="0" hostname="LAPTOP-TG5JMIAG" name="com.filipkart.script.SearchProdcutOnFlipkart" tests="1" failures="0" timestamp="27 Oct 2020 04:05:59 GMT" time="9.000" errors="0">
  <testcase name="searchTheProduct" time="9.000" classname="com.filipkart.script.SearchProdcutOnFlipkart"/>
</testsuite> <!-- com.filipkart.script.SearchProdcutOnFlipkart -->
